<?xml version="1.0" encoding="UTF-8"?>
<!-- Generated by org.testng.reporters.JUnitReportReporter -->
<testsuite skipped="0" hostname="TMQAVIVEK" name="mhl.LogIn1" tests="1" failures="0" timestamp="2 Sep 2021 17:35:16 GMT" time="0.011" errors="0">
  <testcase name="log" time="0.011" classname="mhl.LogIn1"/>
</testsuite> <!-- mhl.LogIn1 -->
